<?xml version="1.0" encoding="UTF-8"?>
<testsuite xmlns:xsi="http://www.w3.org/2001/XMLSchema-instance" xsi:noNamespaceSchemaLocation="https://maven.apache.org/surefire/maven-surefire-plugin/xsd/surefire-test-report.xsd" name="TestSuite" time="39.652" tests="2" errors="0" skipped="0" failures="1">
  <properties>
[...]
</properties>
  <testcase name="Test_Locators" classname="AppiumLatest_Testclass.Locators_Test" time="0.347">
    <failure message="An unknown server-side error occurred while processing the command. Original error: &apos;POST /elements&apos; cannot be proxied to UiAutomator2 server because the instrumentation process is not running (probably crashed). Check the server log and/or the logcat output for more details&#10;Build info: version: &apos;3.141.59&apos;, revision: &apos;e82be7d358&apos;, time: &apos;2018-11-14T08:17:03&apos;&#10;System info: host: &apos;PCS-MUM-L183&apos;, ip: &apos;172.20.96.1&apos;, os.name: &apos;Windows 10&apos;, os.arch: &apos;amd64&apos;, os.version: &apos;10.0&apos;, java.version: &apos;1.8.0_301&apos;&#10;Driver info: io.appium.java_client.android.AndroidDriver&#10;Capabilities {app: C:\Users\vikrant.ambekar\ec..., appPackage: io.appium.android.apis, automationName: uiautomator2, databaseEnabled: false, desired: {app: C:\Users\vikrant.ambekar\ec..., automationName: uiautomator2, deviceName: 9635763368000B7, platformName: android}, deviceApiLevel: 31, deviceManufacturer: vivo, deviceModel: I2012, deviceName: 9635763368000B7, deviceScreenDensity: 440, deviceScreenSize: 1080x2400, deviceUDID: 9635763368000B7, javascriptEnabled: true, locationContextEnabled: false, networkConnectionEnabled: true, pixelRatio: 2.75, platform: LINUX, platformName: Android, platformVersion: 12, statBarHeight: 88, takesScreenshot: true, viewportRect: {height: 2115, left: 0, top: 88, width: 1080}, warnings: {}, webStorageEnabled: false}&#10;Session ID: 40fef28a-e27c-40cf-bd6a-bd605d908ba5&#10;*** Element info: {Using=class name, value=android.widget.TextView}" type="org.openqa.selenium.WebDriverException">org.openqa.selenium.WebDriverException: 
An unknown server-side error occurred while processing the command. Original error: 'POST /elements' cannot be proxied to UiAutomator2 server because the instrumentation process is not running (probably crashed). Check the server log and/or the logcat output for more details
Build info: version: '3.141.59', revision: 'e82be7d358', time: '2018-11-14T08:17:03'
System info: host: 'PCS-MUM-L183', ip: '172.20.96.1', os.name: 'Windows 10', os.arch: 'amd64', os.version: '10.0', java.version: '1.8.0_301'
Driver info: io.appium.java_client.android.AndroidDriver
Capabilities {app: C:\Users\vikrant.ambekar\ec..., appPackage: io.appium.android.apis, automationName: uiautomator2, databaseEnabled: false, desired: {app: C:\Users\vikrant.ambekar\ec..., automationName: uiautomator2, deviceName: 9635763368000B7, platformName: android}, deviceApiLevel: 31, deviceManufacturer: vivo, deviceModel: I2012, deviceName: 9635763368000B7, deviceScreenDensity: 440, deviceScreenSize: 1080x2400, deviceUDID: 9635763368000B7, javascriptEnabled: true, locationContextEnabled: false, networkConnectionEnabled: true, pixelRatio: 2.75, platform: LINUX, platformName: Android, platformVersion: 12, statBarHeight: 88, takesScreenshot: true, viewportRect: {height: 2115, left: 0, top: 88, width: 1080}, warnings: {}, webStorageEnabled: false}
Session ID: 40fef28a-e27c-40cf-bd6a-bd605d908ba5
*** Element info: {Using=class name, value=android.widget.TextView}
	at AppiumLatest_Testclass.Locators_Test.Test_Locators(Locators_Test.java:53)
</failure>
    <system-out><![CDATA[0 [main] INFO AppiumLatest_Testclass.Locators_Test  - Initilizaing Driver
I am in Locators Class
11628 [main] INFO AppiumLatest_Testclass.Locators_Test  - Initilizaing Driver
11628 [main] INFO AppiumLatest_Testclass.Locators_Test  - Initilizaing Driver
I am in TouchAction_Prac Class
In Test Method of Test_Locator
24130 [main] INFO AppiumLatest_Testclass.Locators_Test  - Running test_Locatorrs
24130 [main] INFO AppiumLatest_Testclass.Locators_Test  - Running test_Locatorrs
]]></system-out>
    <system-err><![CDATA[Mar 22, 2022 2:55:59 PM io.appium.java_client.remote.AppiumCommandExecutor$1 lambda$0
INFO: Detected dialect: W3C
Mar 22, 2022 2:56:11 PM io.appium.java_client.remote.AppiumCommandExecutor$1 lambda$0
INFO: Detected dialect: W3C
]]></system-err>
  </testcase>
  <testcase name="Test_Locators" classname="AppiumLatest_Testclass.TouchActionPrac_Test" time="13.608"/>
</testsuite>