<?xml version="1.0" encoding="UTF-8"?>
<testng-results ignored="0" total="1" passed="1" failed="0" skipped="0">
  <reporter-output>
  </reporter-output>
  <suite started-at="2022-03-22T12:23:06 IST" name="Default suite" finished-at="2022-03-22T12:23:31 IST" duration-ms="25336">
    <groups>
    </groups>
    <test started-at="2022-03-22T12:23:06 IST" name="Default test" finished-at="2022-03-22T12:23:31 IST" duration-ms="25336">
      <class name="AppiumLatest.TouchActionPrac_Test">
        <test-method is-config="true" signature="setup()[pri:0, instance:AppiumLatest.TouchActionPrac_Test@63376bed]" started-at="2022-03-22T12:23:06 IST" name="setup" finished-at="2022-03-22T12:23:17 IST" duration-ms="11243" status="PASS">
          <reporter-output>
          </reporter-output>
        </test-method> <!-- setup -->
        <test-method signature="Test_Locators()[pri:0, instance:AppiumLatest.TouchActionPrac_Test@63376bed]" started-at="2022-03-22T12:23:17 IST" name="Test_Locators" finished-at="2022-03-22T12:23:31 IST" duration-ms="14038" status="PASS">
          <reporter-output>
          </reporter-output>
        </test-method> <!-- Test_Locators -->
        <test-method is-config="true" signature="Done_WithShit()[pri:0, instance:AppiumLatest.TouchActionPrac_Test@63376bed]" started-at="2022-03-22T12:23:31 IST" name="Done_WithShit" finished-at="2022-03-22T12:23:31 IST" duration-ms="1" status="PASS">
          <reporter-output>
          </reporter-output>
        </test-method> <!-- Done_WithShit -->
      </class> <!-- AppiumLatest.TouchActionPrac_Test -->
    </test> <!-- Default test -->
  </suite> <!-- Default suite -->
</testng-results>
